Arguments: 
  C:\Program Files\nodejs\node.exe C:\Program Files\nodejs\node_modules\yarn\bin\yarn.js install --mutex network:42424 --non-interactive

PATH: 
  M:\Workspace\i'm\node_modules\.bin;M:\Workspace\node_modules\.bin;M:\node_modules\.bin;C:\Program Files\nodejs;C:\Ruby23-x64\bin;C:\Users\jsong12\dot;C:\Program Files\Docker\Docker\Resources\bin;C:\tfs\Maxwell\7.x\7.x.Release\Build\Scripts\Production\LocalBuild;C:\ProgramData\Oracle\Java\javapath;C:\Windows\system32;C:\Windows;C:\Windows\System32\Wbem;C:\Windows\System32\WindowsPowerShell\v1.0\;C:\Program Files (x86)\Windows Kits\8.1\Windows Performance Toolkit\;C:\Program Files\Microsoft SQL Server\120\Tools\Binn\;C:\Program Files\Microsoft SQL Server\130\Tools\Binn\;C:\Program Files\Anaconda3;C:\Program Files\Anaconda3\Scripts;C:\Program Files\Anaconda3\Library\bin;C:\Program Files (x86)\Microsoft SQL Server\110\Tools\Binn\;C:\Program Files\Microsoft SQL Server\110\Tools\Binn\;C:\Program Files\Microsoft SQL Server\110\DTS\Binn\;C:\Program Files (x86)\Microsoft SQL Server\110\Tools\Binn\ManagementStudio\;C:\Program;C:\Program Files\Microsoft Service Fabric\bin\Fabric\Fabric.Code;C:\Program Files\Microsoft SDKs\Service Fabric\Tools\ServiceFabricLocalClusterManager;C:\Program Files\dotnet\;C:\ProgramData\chocolatey\bin;C:\Users\jsong12\Source\Repos\CD;C:\Program Files (x86)\GitExtensions\;C:\Users\jsong12\AppData\Roaming\nvm;C:\Program Files\nodejs;C:\Ruby23-x64\bin;C:\Program Files\Docker\Docker\Resources\bin;C:\ProgramData\Oracle\Java\javapath;C:\Windows\system32;C:\Windows;C:\Windows\System32\Wbem;C:\Windows\System32\WindowsPowerShell\v1.0\;C:\Program Files (x86)\Windows Kits\8.1\Windows Performance Toolkit\;C:\Program Files\Microsoft SQL Server\120\Tools\Binn\;C:\Program Files\Microsoft SQL Server\130\Tools\Binn\;C:\Program Files\Anaconda3;C:\Program Files\Anaconda3\Scripts;C:\Program Files\Anaconda3\Library\bin;C:\Program Files (x86)\Microsoft SQL Server\110\Tools\Binn\;C:\Program Files\Microsoft SQL Server\110\Tools\Binn\;C:\Program Files\Microsoft SQL Server\110\DTS\Binn\;C:\Program Files (x86)\Microsoft SQL Server\110\Tools\Binn\ManagementStudio\;C:\Program;C:\Program Files\Git\bin;C:\Program Files\Git\cmd;C:\Program Files\AutoHotkey\Compiler;C:\Users\jsong12\dot;C:\Users\jsong12\Source\Repos\CD;C:\Users\jsong12\AppData\Local\GitHubDesktop\bin;C:\Users\jsong12\AppData\Roaming\npm;C:\tools\neovim\Neovim\bin;C:\Program Files (x86)\Microsoft Visual Studio\2017\Professional\MSBuild\15.0\Bin\Roslyn;C:\Program Files\Microsoft VS Code\bin;C:\Program Files\7-Zip;C:\Pipeline\Tools;C:\Program Files (x86)\Microsoft Visual Studio 14.0\Team Tools\Dynamic Code Coverage Tools\amd64;C:\Program Files\Java\jre1.8.0_144\bin;M:\Workspace\metaKeyboard\metaKeyboard\software\cmder;M:\Workspace\metaKeyboard\metaKeyboardsoftware\path;M:\Workspace\metaKeyboard\metaKeyboard\software;C:\Users\jsong12\AppData\Roaming\nvm;C:\Program Files\nodejs;C:\Users\jsong12\AppData\Local\Programs\Fiddler

Yarn version: 
  1.1.0

Node version: 
  8.6.0

Platform: 
  win32 x64

npm manifest: 
  {
  	"private": true,
  	"name": "iam",
  	"workspaces": [
  		"packages/*"
  	]
  }

yarn manifest: 
  No manifest

Lockfile: 
  No lockfile

Trace: 
  Error: write EPIPE
      at _errnoException (util.js:1019:11)
      at Socket._writeGeneric (net.js:760:25)
      at Socket._write (net.js:779:8)
      at doWrite (_stream_writable.js:387:12)
      at writeOrBuffer (_stream_writable.js:373:5)
      at Socket.Writable.write (_stream_writable.js:290:11)
      at Socket.write (net.js:697:40)
      at ConsoleReporter.warn (C:\Users\jsong12\AppData\Roaming\nvm\v8.6.0\node_modules\yarn\lib\cli.js:86916:17)
      at C:\Users\jsong12\AppData\Roaming\nvm\v8.6.0\node_modules\yarn\lib\cli.js:85931:27
      at Generator.throw (<anonymous>)
